使用谷歌浏览器
成功打开网页http://127.0.0.1:8086/BBS/
输入admin成功！
输入password成功！
点击成功[[ChromeDriver: chrome on XP (f1c959867f887682601c1ffa558ac9e6)] -> xpath: //*[@id="lsform"]/div/div/table/tbody/tr[2]/td[3]/button]
点击成功[[ChromeDriver: chrome on XP (f1c959867f887682601c1ffa558ac9e6)] -> link text: 默认版块]
点击成功[[ChromeDriver: chrome on XP (f1c959867f887682601c1ffa558ac9e6)] -> name: moderate[]]
点击成功[[ChromeDriver: chrome on XP (f1c959867f887682601c1ffa558ac9e6)] -> xpath: //*[@id="mdly"]/p[1]/strong[1]/a]
点击成功[[ChromeDriver: chrome on XP (f1c959867f887682601c1ffa558ac9e6)] -> name: modsubmit]
点击成功[[ChromeDriver: chrome on XP (f1c959867f887682601c1ffa558ac9e6)] -> link text: 管理中心]
输入password成功！
点击成功[[ChromeDriver: chrome on XP (f1c959867f887682601c1ffa558ac9e6)] -> name: submit]
点击成功[[ChromeDriver: chrome on XP (f1c959867f887682601c1ffa558ac9e6)] -> link text: 论坛]
成功跳转[[ChromeDriver: chrome on XP (f1c959867f887682601c1ffa558ac9e6)] -> id: main]的iframe
点击成功[[ChromeDriver: chrome on XP (f1c959867f887682601c1ffa558ac9e6)] -> xpath: //*[@id="cpform"]/table/tbody[3]/tr/td[2]/div/a]
点击成功[[ChromeDriver: chrome on XP (f1c959867f887682601c1ffa558ac9e6)] -> id: submit_editsubmit]
成功跳转原iframe
点击成功[[ChromeDriver: chrome on XP (f1c959867f887682601c1ffa558ac9e6)] -> xpath: //*[@id="frameuinfo"]/p[1]/a]
点击成功[[ChromeDriver: chrome on XP (f1c959867f887682601c1ffa558ac9e6)] -> xpath: //*[@id="um"]/p[1]/a[6]]
输入zhangze成功！
输入password成功！
点击成功[[ChromeDriver: chrome on XP (f1c959867f887682601c1ffa558ac9e6)] -> xpath: //*[@id="lsform"]/div/div/table/tbody/tr[2]/td[3]/button]
点击成功[[ChromeDriver: chrome on XP (f1c959867f887682601c1ffa558ac9e6)] -> link text: 默认版块]
输入haotest haotest!!成功！
输入estNG是一个设计用来简化广泛的测试需求的测试框架，从单元测试（隔离测试一个类）到集成测试（测试由有多个类多个包甚至多个外部框架组成的整个系统，例如运用服务器。成功！
点击成功[[ChromeDriver: chrome on XP (f1c959867f887682601c1ffa558ac9e6)] -> id: fastpostsubmit]
输入org.openqa.selenium.NoSuchSessionException: Session ID is null.成功！
点击成功[[ChromeDriver: chrome on XP (f1c959867f887682601c1ffa558ac9e6)] -> id: fastpostsubmit]
点击成功[[ChromeDriver: chrome on XP (f1c959867f887682601c1ffa558ac9e6)] -> link text: 退出]
